===== RUN START 16.10.2025  9:09:38,95 (NO-SCAN) ===== 
[INFO] Steps: parse, split, merge, safety, normalize, render
[INFO] [..............................] 0% (0/6)
[INFO] Start: parse
[INFO] [STEP 2] PARSE CLI (TextFSM -> parsed_textfsm.json)
[INFO] Р—Р°РіСЂСѓР¶РµРЅРѕ С€Р°Р±Р»РѕРЅРѕРІ: vendor=osnova count=2
[INFO] Р—Р°РіСЂСѓР¶РµРЅРѕ С€Р°Р±Р»РѕРЅРѕРІ: vendor=eltex_mes count=3
[INFO] Р—Р°РіСЂСѓР¶РµРЅРѕ С€Р°Р±Р»РѕРЅРѕРІ: vendor=zes count=3
[INFO] Р—Р°РіСЂСѓР¶РµРЅРѕ С€Р°Р±Р»РѕРЅРѕРІ: vendor=cisco_ios count=6
[ERROR] РћС€РёР±РєР° РєРѕРјРїРёР»СЏС†РёРё С€Р°Р±Р»РѕРЅР° templates\textfsm\nis\nis_show_lldp_neighbors.template: No Value definitions found.
[INFO] Р—Р°РіСЂСѓР¶РµРЅРѕ С€Р°Р±Р»РѕРЅРѕРІ: vendor=nis count=2
[INFO] Р—Р°РіСЂСѓР¶РµРЅРѕ С€Р°Р±Р»РѕРЅРѕРІ: vendor=snr count=2
[ERROR] РћС€РёР±РєР° РєРѕРјРїРёР»СЏС†РёРё С€Р°Р±Р»РѕРЅР° templates\textfsm\dlink\dlink_show_config_header.template: Duplicate or invalid variable substitution: '^#\s*(?<Model>DES-[0-9A-Za-z\-]+|DGS-[0-9A-Za-z\-]+|[A-Za-z0-9\-]+)\s+.*Switch\s*$'. Line: 5.
[INFO] Р—Р°РіСЂСѓР¶РµРЅРѕ С€Р°Р±Р»РѕРЅРѕРІ: vendor=dlink count=2
[INFO] textfsm_parse_progress: 10/264
[INFO] textfsm_parse_progress: 20/264
[INFO] textfsm_parse_progress: 30/264
[INFO] textfsm_parse_progress: 40/264
[INFO] textfsm_parse_progress: 50/264
[INFO] textfsm_parse_progress: 60/264
[INFO] textfsm_parse_progress: 70/264
[INFO] textfsm_parse_progress: 80/264
[INFO] textfsm_parse_progress: 90/264
[INFO] textfsm_parse_progress: 100/264
[INFO] textfsm_parse_progress: 110/264
[INFO] textfsm_parse_progress: 120/264
[INFO] textfsm_parse_progress: 130/264
[INFO] textfsm_parse_progress: 140/264
[INFO] textfsm_parse_progress: 150/264
[INFO] textfsm_parse_progress: 160/264
[INFO] textfsm_parse_progress: 170/264
[INFO] textfsm_parse_progress: 180/264
[INFO] textfsm_parse_progress: 190/264
[INFO] textfsm_parse_progress: 200/264
[INFO] textfsm_parse_progress: 210/264
[INFO] textfsm_parse_progress: 220/264
[INFO] textfsm_parse_progress: 230/264
[INFO] textfsm_parse_progress: 240/264
[INFO] textfsm_parse_progress: 250/264
[INFO] textfsm_parse_progress: 260/264
[INFO] textfsm_parse_progress: 264/264
[INFO] Wrote C:\Users\zhiltsov.aa\Desktop\net-auto-mermaid\data\output\logs\parsed_textfsm.json
[INFO] Done: parse
[INFO] [#####.........................] 16% (1/6)
[INFO] Start: split
[INFO] [STEP 2.1] SPLIT parsed_textfsm.json -> C:\Users\zhiltsov.aa\Desktop\net-auto-mermaid\data\input\cli
[INFO] [SPLIT] wrote 264 files to C:\Users\zhiltsov.aa\Desktop\net-auto-mermaid\data\input\cli
[INFO] Done: split
[INFO] [##########....................] 33% (2/6)
[INFO] Start: merge
[INFO] [STEP 3] MERGE INVENTORY (base + cli/*.json -> C:\Users\zhiltsov.aa\Desktop\net-auto-mermaid\data\input\inventory.merged.json)
[INFO] Wrote C:\Users\zhiltsov.aa\Desktop\net-auto-mermaid\data\input\inventory.merged.json
[INFO] [MERGE] from_cli=477, total=264
[INFO] Done: merge
[INFO] [###############...............] 50% (3/6)
[INFO] Start: safety
[INFO] Done: safety
[INFO] [####################..........] 66% (4/6)
[INFO] Start: normalize
[INFO] [STEP 4] NORMALIZE -> C:\Users\zhiltsov.aa\Desktop\net-auto-mermaid\data\output\logs\normalized.json
[INFO] Wrote C:\Users\zhiltsov.aa\Desktop\net-auto-mermaid\data\output\logs\normalized.json
[INFO] Done: normalize
[INFO] [#########################.....] 83% (5/6)
[INFO] Start: render
[INFO] [STEP 5] RENDER -> C:\Users\zhiltsov.aa\Desktop\net-auto-mermaid\data\output\network.mmd
[INFO] [RENDER] hide_isolated: 264 -> 234 nodes
[INFO] Wrote C:\Users\zhiltsov.aa\Desktop\net-auto-mermaid\data\output\network.mmd
[INFO] Done: render
[INFO] [##############################] 100% (6/6)
[INFO] Pipeline OK
[OK] Done. Output: data\output\network.mmd
